2022-10-13 15:37:17.133  INFO 20708 --- [main] c.ideas2it.employee.EmployeeApplication  : Starting EmployeeApplication using Java 18.0.2 on AKASH with PID 20708 (C:\Users\LENOVO\Desktop\Akash\Spring_Boot_final\employee\target\classes started by LENOVO in C:\Users\LENOVO\Desktop\Akash\Spring_Boot_final\employee)
2022-10-13 15:37:17.141  INFO 20708 --- [main] c.ideas2it.employee.EmployeeApplication  : No active profile set, falling back to 1 default profile: "default"
2022-10-13 15:37:19.709  INFO 20708 --- [main] .s.d.r.c.RepositoryConfigurationDelegate : Bootstrapping Spring Data JPA repositories in DEFAULT mode.
2022-10-13 15:37:19.934  INFO 20708 --- [main] .s.d.r.c.RepositoryConfigurationDelegate : Finished Spring Data repository scanning in 193 ms. Found 4 JPA repository interfaces.
2022-10-13 15:37:23.563  INFO 20708 --- [main] o.s.b.w.embedded.tomcat.TomcatWebServer  : Tomcat initialized with port(s): 8001 (http)
2022-10-13 15:37:23.602  INFO 20708 --- [main] o.apache.catalina.core.StandardService   : Starting service [Tomcat]
2022-10-13 15:37:23.603  INFO 20708 --- [main] org.apache.catalina.core.StandardEngine  : Starting Servlet engine: [Apache Tomcat/9.0.65]
2022-10-13 15:37:24.651  INFO 20708 --- [main] org.apache.jasper.servlet.TldScanner     : At least one JAR was scanned for TLDs yet contained no TLDs. Enable debug logging for this logger for a complete list of JARs that were scanned but no TLDs were found in them. Skipping unneeded JARs during scanning can improve startup time and JSP compilation time.
2022-10-13 15:37:24.675  INFO 20708 --- [main] o.a.c.c.C.[Tomcat].[localhost].[/]       : Initializing Spring embedded WebApplicationContext
2022-10-13 15:37:24.676  INFO 20708 --- [main] w.s.c.ServletWebServerApplicationContext : Root WebApplicationContext: initialization completed in 7307 ms
2022-10-13 15:37:25.254  INFO 20708 --- [main] o.hibernate.jpa.internal.util.LogHelper  : HHH000204: Processing PersistenceUnitInfo [name: default]
2022-10-13 15:37:25.379  INFO 20708 --- [main] org.hibernate.Version                    : HHH000412: Hibernate ORM core version 5.6.11.Final
2022-10-13 15:37:25.807  INFO 20708 --- [main] o.hibernate.annotations.common.Version   : HCANN000001: Hibernate Commons Annotations {5.1.2.Final}
2022-10-13 15:37:26.046  INFO 20708 --- [main] com.zaxxer.hikari.HikariDataSource       : HikariPool-1 - Starting...
2022-10-13 15:37:26.729  INFO 20708 --- [main] com.zaxxer.hikari.HikariDataSource       : HikariPool-1 - Start completed.
2022-10-13 15:37:26.767  INFO 20708 --- [main] org.hibernate.dialect.Dialect            : HHH000400: Using dialect: org.hibernate.dialect.MySQL5Dialect
2022-10-13 15:37:28.932  INFO 20708 --- [main] o.h.e.t.j.p.i.JtaPlatformInitiator       : HHH000490: Using JtaPlatform implementation: [org.hibernate.engine.transaction.jta.platform.internal.NoJtaPlatform]
2022-10-13 15:37:28.958  INFO 20708 --- [main] j.LocalContainerEntityManagerFactoryBean : Initialized JPA EntityManagerFactory for persistence unit 'default'
2022-10-13 15:37:30.194  WARN 20708 --- [main] JpaBaseConfiguration$JpaWebConfiguration : spring.jpa.open-in-view is enabled by default. Therefore, database queries may be performed during view rendering. Explicitly configure spring.jpa.open-in-view to disable this warning
2022-10-13 15:37:31.481  INFO 20708 --- [main] o.s.b.a.w.s.WelcomePageHandlerMapping    : Adding welcome page template: index
2022-10-13 15:37:32.172  INFO 20708 --- [main] o.s.b.w.embedded.tomcat.TomcatWebServer  : Tomcat started on port(s): 8001 (http) with context path ''
2022-10-13 15:37:32.198  INFO 20708 --- [main] c.ideas2it.employee.EmployeeApplication  : Started EmployeeApplication in 16.247 seconds (JVM running for 17.335)
2022-10-13 15:42:13.452  INFO 20708 --- [http-nio-8001-exec-1] o.a.c.c.C.[Tomcat].[localhost].[/]       : Initializing Spring DispatcherServlet 'dispatcherServlet'
2022-10-13 15:42:13.453  INFO 20708 --- [http-nio-8001-exec-1] o.s.web.servlet.DispatcherServlet        : Initializing Servlet 'dispatcherServlet'
2022-10-13 15:42:13.459  INFO 20708 --- [http-nio-8001-exec-1] o.s.web.servlet.DispatcherServlet        : Completed initialization in 3 ms
2022-10-13 15:42:14.080  INFO 20708 --- [http-nio-8001-exec-1] c.i.e.controller.EmployeeController      : 
Details of Trainer

2022-10-13 15:42:14.083  INFO 20708 --- [http-nio-8001-exec-1] c.i.e.controller.EmployeeController      : com.ideas2it.employee.model.Trainer@4285d836

2022-10-13 15:42:14.084  INFO 20708 --- [http-nio-8001-exec-1] c.i.e.controller.EmployeeController      : com.ideas2it.employee.model.Trainer@163d5d3f

2022-10-13 15:42:14.085  INFO 20708 --- [http-nio-8001-exec-1] c.i.e.controller.EmployeeController      : com.ideas2it.employee.model.Trainer@203845bd

2022-10-13 15:42:14.085  INFO 20708 --- [http-nio-8001-exec-1] c.i.e.controller.EmployeeController      : com.ideas2it.employee.model.Trainer@791dfcac

2022-10-13 15:45:23.023  INFO 20708 --- [http-nio-8001-exec-4] c.i.e.controller.EmployeeController      : 
Details of Trainer

2022-10-13 15:45:23.024  INFO 20708 --- [http-nio-8001-exec-4] c.i.e.controller.EmployeeController      : com.ideas2it.employee.model.Trainer@5a7aa71e

2022-10-13 15:45:23.025  INFO 20708 --- [http-nio-8001-exec-4] c.i.e.controller.EmployeeController      : com.ideas2it.employee.model.Trainer@4d62cacd

2022-10-13 15:45:23.025  INFO 20708 --- [http-nio-8001-exec-4] c.i.e.controller.EmployeeController      : com.ideas2it.employee.model.Trainer@6bea78c1

2022-10-13 15:45:23.025  INFO 20708 --- [http-nio-8001-exec-4] c.i.e.controller.EmployeeController      : com.ideas2it.employee.model.Trainer@35184bbb

2022-10-13 15:45:54.749  INFO 20708 --- [http-nio-8001-exec-8] c.i.e.controller.EmployeeController      : 
Details of Trainer

2022-10-13 15:45:54.751  INFO 20708 --- [http-nio-8001-exec-8] c.i.e.controller.EmployeeController      : com.ideas2it.employee.model.Trainer@24f20352

2022-10-13 15:45:54.752  INFO 20708 --- [http-nio-8001-exec-8] c.i.e.controller.EmployeeController      : com.ideas2it.employee.model.Trainer@805769e

2022-10-13 15:45:54.752  INFO 20708 --- [http-nio-8001-exec-8] c.i.e.controller.EmployeeController      : com.ideas2it.employee.model.Trainer@159ca2b6

2022-10-13 15:45:54.752  INFO 20708 --- [http-nio-8001-exec-8] c.i.e.controller.EmployeeController      : com.ideas2it.employee.model.Trainer@708189cc

2022-10-13 15:46:26.696  INFO 20708 --- [SpringApplicationShutdownHook] j.LocalContainerEntityManagerFactoryBean : Closing JPA EntityManagerFactory for persistence unit 'default'
2022-10-13 15:46:26.714  INFO 20708 --- [SpringApplicationShutdownHook] com.zaxxer.hikari.HikariDataSource       : HikariPool-1 - Shutdown initiated...
2022-10-13 15:46:26.747  INFO 20708 --- [SpringApplicationShutdownHook] com.zaxxer.hikari.HikariDataSource       : HikariPool-1 - Shutdown completed.
2022-10-13 15:46:35.802  INFO 2508 --- [main] c.ideas2it.employee.EmployeeApplication  : Starting EmployeeApplication using Java 18.0.2 on AKASH with PID 2508 (C:\Users\LENOVO\Desktop\Akash\Spring_Boot_final\employee\target\classes started by LENOVO in C:\Users\LENOVO\Desktop\Akash\Spring_Boot_final\employee)
2022-10-13 15:46:35.808  INFO 2508 --- [main] c.ideas2it.employee.EmployeeApplication  : No active profile set, falling back to 1 default profile: "default"
2022-10-13 15:46:37.750  INFO 2508 --- [main] .s.d.r.c.RepositoryConfigurationDelegate : Bootstrapping Spring Data JPA repositories in DEFAULT mode.
2022-10-13 15:46:38.093  INFO 2508 --- [main] .s.d.r.c.RepositoryConfigurationDelegate : Finished Spring Data repository scanning in 290 ms. Found 4 JPA repository interfaces.
2022-10-13 15:46:41.084  INFO 2508 --- [main] o.s.b.w.embedded.tomcat.TomcatWebServer  : Tomcat initialized with port(s): 8001 (http)
2022-10-13 15:46:41.104  INFO 2508 --- [main] o.apache.catalina.core.StandardService   : Starting service [Tomcat]
2022-10-13 15:46:41.105  INFO 2508 --- [main] org.apache.catalina.core.StandardEngine  : Starting Servlet engine: [Apache Tomcat/9.0.65]
2022-10-13 15:46:41.755  INFO 2508 --- [main] org.apache.jasper.servlet.TldScanner     : At least one JAR was scanned for TLDs yet contained no TLDs. Enable debug logging for this logger for a complete list of JARs that were scanned but no TLDs were found in them. Skipping unneeded JARs during scanning can improve startup time and JSP compilation time.
2022-10-13 15:46:41.776  INFO 2508 --- [main] o.a.c.c.C.[Tomcat].[localhost].[/]       : Initializing Spring embedded WebApplicationContext
2022-10-13 15:46:41.777  INFO 2508 --- [main] w.s.c.ServletWebServerApplicationContext : Root WebApplicationContext: initialization completed in 5784 ms
2022-10-13 15:46:42.300  INFO 2508 --- [main] o.hibernate.jpa.internal.util.LogHelper  : HHH000204: Processing PersistenceUnitInfo [name: default]
2022-10-13 15:46:42.446  INFO 2508 --- [main] org.hibernate.Version                    : HHH000412: Hibernate ORM core version 5.6.11.Final
2022-10-13 15:46:42.797  INFO 2508 --- [main] o.hibernate.annotations.common.Version   : HCANN000001: Hibernate Commons Annotations {5.1.2.Final}
2022-10-13 15:46:43.002  INFO 2508 --- [main] com.zaxxer.hikari.HikariDataSource       : HikariPool-1 - Starting...
2022-10-13 15:46:43.732  INFO 2508 --- [main] com.zaxxer.hikari.HikariDataSource       : HikariPool-1 - Start completed.
2022-10-13 15:46:43.764  INFO 2508 --- [main] org.hibernate.dialect.Dialect            : HHH000400: Using dialect: org.hibernate.dialect.MySQL5Dialect
2022-10-13 15:46:45.940  INFO 2508 --- [main] o.h.e.t.j.p.i.JtaPlatformInitiator       : HHH000490: Using JtaPlatform implementation: [org.hibernate.engine.transaction.jta.platform.internal.NoJtaPlatform]
2022-10-13 15:46:45.966  INFO 2508 --- [main] j.LocalContainerEntityManagerFactoryBean : Initialized JPA EntityManagerFactory for persistence unit 'default'
2022-10-13 15:46:47.179  WARN 2508 --- [main] JpaBaseConfiguration$JpaWebConfiguration : spring.jpa.open-in-view is enabled by default. Therefore, database queries may be performed during view rendering. Explicitly configure spring.jpa.open-in-view to disable this warning
2022-10-13 15:46:47.476  INFO 2508 --- [main] o.s.b.a.w.s.WelcomePageHandlerMapping    : Adding welcome page template: index
2022-10-13 15:46:47.877  INFO 2508 --- [main] o.s.b.w.embedded.tomcat.TomcatWebServer  : Tomcat started on port(s): 8001 (http) with context path ''
2022-10-13 15:46:47.895  INFO 2508 --- [main] c.ideas2it.employee.EmployeeApplication  : Started EmployeeApplication in 13.07 seconds (JVM running for 14.133)
2022-10-13 15:46:59.276  INFO 2508 --- [http-nio-8001-exec-1] o.a.c.c.C.[Tomcat].[localhost].[/]       : Initializing Spring DispatcherServlet 'dispatcherServlet'
2022-10-13 15:46:59.278  INFO 2508 --- [http-nio-8001-exec-1] o.s.web.servlet.DispatcherServlet        : Initializing Servlet 'dispatcherServlet'
2022-10-13 15:46:59.291  INFO 2508 --- [http-nio-8001-exec-1] o.s.web.servlet.DispatcherServlet        : Completed initialization in 6 ms
2022-10-13 15:46:59.975  INFO 2508 --- [http-nio-8001-exec-1] c.i.e.controller.EmployeeController      : 
Details of Trainer

2022-10-13 15:46:59.978  INFO 2508 --- [http-nio-8001-exec-1] c.i.e.controller.EmployeeController      : com.ideas2it.employee.model.Trainer@747471a6

2022-10-13 15:46:59.979  INFO 2508 --- [http-nio-8001-exec-1] c.i.e.controller.EmployeeController      : com.ideas2it.employee.model.Trainer@539317c4

2022-10-13 15:46:59.980  INFO 2508 --- [http-nio-8001-exec-1] c.i.e.controller.EmployeeController      : com.ideas2it.employee.model.Trainer@5da2132c

2022-10-13 15:46:59.981  INFO 2508 --- [http-nio-8001-exec-1] c.i.e.controller.EmployeeController      : com.ideas2it.employee.model.Trainer@74fcae75

2022-10-13 15:47:01.823  WARN 2508 --- [http-nio-8001-exec-1] o.a.c.util.SessionIdGeneratorBase        : Creation of SecureRandom instance for session ID generation using [SHA1PRNG] took [104] milliseconds.
2022-10-13 15:47:07.301  INFO 2508 --- [http-nio-8001-exec-3] c.i.e.controller.EmployeeController      : 
Details of Trainer

2022-10-13 15:47:07.304  INFO 2508 --- [http-nio-8001-exec-3] c.i.e.controller.EmployeeController      : com.ideas2it.employee.model.Trainer@1cfd79c2

2022-10-13 15:47:07.306  INFO 2508 --- [http-nio-8001-exec-3] c.i.e.controller.EmployeeController      : com.ideas2it.employee.model.Trainer@73aa1d6b

2022-10-13 15:47:07.307  INFO 2508 --- [http-nio-8001-exec-3] c.i.e.controller.EmployeeController      : com.ideas2it.employee.model.Trainer@2dabe75c

2022-10-13 15:47:07.308  INFO 2508 --- [http-nio-8001-exec-3] c.i.e.controller.EmployeeController      : com.ideas2it.employee.model.Trainer@b16dd44

2022-10-13 15:47:13.512  INFO 2508 --- [http-nio-8001-exec-5] c.i.e.controller.EmployeeController      : 
Details of Trainer

2022-10-13 15:47:13.515  INFO 2508 --- [http-nio-8001-exec-5] c.i.e.controller.EmployeeController      : com.ideas2it.employee.model.Trainer@1c9b9fb7

2022-10-13 15:47:13.515  INFO 2508 --- [http-nio-8001-exec-5] c.i.e.controller.EmployeeController      : com.ideas2it.employee.model.Trainer@44ae8045

2022-10-13 15:47:13.516  INFO 2508 --- [http-nio-8001-exec-5] c.i.e.controller.EmployeeController      : com.ideas2it.employee.model.Trainer@2dcd67a9

2022-10-13 15:47:13.517  INFO 2508 --- [http-nio-8001-exec-5] c.i.e.controller.EmployeeController      : com.ideas2it.employee.model.Trainer@3c1226ea

2022-10-13 15:47:16.901  INFO 2508 --- [http-nio-8001-exec-7] c.i.e.controller.EmployeeController      : 
Details of Trainee

2022-10-13 15:47:16.994  INFO 2508 --- [http-nio-8001-exec-7] c.i.e.controller.EmployeeController      : 
ID of Employee : 2
Name of the Trainee : Kumar
Age : 22
Gender : male
Qualifications : bca
Address : jsdfjsadfj
Mobile Number : 9876543211
Email Id : jsfjdsahfjds@gmail.com
Date Of Joining : 18/09/2022
Training Period : 3
Trainers : 4

2022-10-13 15:47:17.008  INFO 2508 --- [http-nio-8001-exec-7] c.i.e.controller.EmployeeController      : 
ID of Employee : 3
Name of the Trainee : Ammar Md
Age : 22
Gender : male
Qualifications : bca
Address : sakjfhsjdafjh
Mobile Number : 9876543211
Email Id : hsbfnsadjfks@gmail.com
Date Of Joining : 18/09/2020
Training Period : 4
Trainers : 4

2022-10-13 15:47:17.026  INFO 2508 --- [http-nio-8001-exec-7] c.i.e.controller.EmployeeController      : 
ID of Employee : 5
Name of the Trainee : Kishore
Age : 22
Gender : male
Qualifications : bca
Address : new Washermenpet
Mobile Number : 9876543211
Email Id : kishore@gmail.com
Date Of Joining : 18/09/2022
Training Period : 0
Trainers : 4, 6

2022-10-13 15:47:54.826  INFO 2508 --- [SpringApplicationShutdownHook] j.LocalContainerEntityManagerFactoryBean : Closing JPA EntityManagerFactory for persistence unit 'default'
2022-10-13 15:47:54.833  INFO 2508 --- [SpringApplicationShutdownHook] com.zaxxer.hikari.HikariDataSource       : HikariPool-1 - Shutdown initiated...
2022-10-13 15:47:54.881  INFO 2508 --- [SpringApplicationShutdownHook] com.zaxxer.hikari.HikariDataSource       : HikariPool-1 - Shutdown completed.
2022-10-13 15:48:00.014  INFO 16152 --- [main] c.ideas2it.employee.EmployeeApplication  : Starting EmployeeApplication using Java 18.0.2 on AKASH with PID 16152 (C:\Users\LENOVO\Desktop\Akash\Spring_Boot_final\employee\target\classes started by LENOVO in C:\Users\LENOVO\Desktop\Akash\Spring_Boot_final\employee)
2022-10-13 15:48:00.020  INFO 16152 --- [main] c.ideas2it.employee.EmployeeApplication  : No active profile set, falling back to 1 default profile: "default"
2022-10-13 15:48:01.470  INFO 16152 --- [main] .s.d.r.c.RepositoryConfigurationDelegate : Bootstrapping Spring Data JPA repositories in DEFAULT mode.
2022-10-13 15:48:01.643  INFO 16152 --- [main] .s.d.r.c.RepositoryConfigurationDelegate : Finished Spring Data repository scanning in 148 ms. Found 4 JPA repository interfaces.
2022-10-13 15:48:04.196  INFO 16152 --- [main] o.s.b.w.embedded.tomcat.TomcatWebServer  : Tomcat initialized with port(s): 8001 (http)
2022-10-13 15:48:04.237  INFO 16152 --- [main] o.apache.catalina.core.StandardService   : Starting service [Tomcat]
2022-10-13 15:48:04.239  INFO 16152 --- [main] org.apache.catalina.core.StandardEngine  : Starting Servlet engine: [Apache Tomcat/9.0.65]
2022-10-13 15:48:05.261  INFO 16152 --- [main] org.apache.jasper.servlet.TldScanner     : At least one JAR was scanned for TLDs yet contained no TLDs. Enable debug logging for this logger for a complete list of JARs that were scanned but no TLDs were found in them. Skipping unneeded JARs during scanning can improve startup time and JSP compilation time.
2022-10-13 15:48:05.288  INFO 16152 --- [main] o.a.c.c.C.[Tomcat].[localhost].[/]       : Initializing Spring embedded WebApplicationContext
2022-10-13 15:48:05.288  INFO 16152 --- [main] w.s.c.ServletWebServerApplicationContext : Root WebApplicationContext: initialization completed in 5106 ms
2022-10-13 15:48:06.012  INFO 16152 --- [main] o.hibernate.jpa.internal.util.LogHelper  : HHH000204: Processing PersistenceUnitInfo [name: default]
2022-10-13 15:48:06.200  INFO 16152 --- [main] org.hibernate.Version                    : HHH000412: Hibernate ORM core version 5.6.11.Final
2022-10-13 15:48:06.651  INFO 16152 --- [main] o.hibernate.annotations.common.Version   : HCANN000001: Hibernate Commons Annotations {5.1.2.Final}
2022-10-13 15:48:07.135  INFO 16152 --- [main] com.zaxxer.hikari.HikariDataSource       : HikariPool-1 - Starting...
2022-10-13 15:48:08.207  INFO 16152 --- [main] com.zaxxer.hikari.HikariDataSource       : HikariPool-1 - Start completed.
2022-10-13 15:48:08.287  INFO 16152 --- [main] org.hibernate.dialect.Dialect            : HHH000400: Using dialect: org.hibernate.dialect.MySQL5Dialect
2022-10-13 15:48:11.728  INFO 16152 --- [main] o.h.e.t.j.p.i.JtaPlatformInitiator       : HHH000490: Using JtaPlatform implementation: [org.hibernate.engine.transaction.jta.platform.internal.NoJtaPlatform]
2022-10-13 15:48:11.744  INFO 16152 --- [main] j.LocalContainerEntityManagerFactoryBean : Initialized JPA EntityManagerFactory for persistence unit 'default'
2022-10-13 15:48:13.179  WARN 16152 --- [main] JpaBaseConfiguration$JpaWebConfiguration : spring.jpa.open-in-view is enabled by default. Therefore, database queries may be performed during view rendering. Explicitly configure spring.jpa.open-in-view to disable this warning
2022-10-13 15:48:13.475  INFO 16152 --- [main] o.s.b.a.w.s.WelcomePageHandlerMapping    : Adding welcome page template: index
2022-10-13 15:48:13.845  INFO 16152 --- [main] o.s.b.w.embedded.tomcat.TomcatWebServer  : Tomcat started on port(s): 8001 (http) with context path ''
2022-10-13 15:48:13.865  INFO 16152 --- [main] c.ideas2it.employee.EmployeeApplication  : Started EmployeeApplication in 14.793 seconds (JVM running for 15.703)
2022-10-13 16:18:24.808  WARN 16152 --- [HikariPool-1 housekeeper] com.zaxxer.hikari.pool.HikariPool        : HikariPool-1 - Thread starvation or clock leap detected (housekeeper delta=7m46s188ms340µs100ns).
2022-10-13 17:18:04.141  WARN 16152 --- [HikariPool-1 housekeeper] com.zaxxer.hikari.pool.HikariPool        : HikariPool-1 - Thread starvation or clock leap detected (housekeeper delta=1m7s955ms609µs800ns).
2022-10-13 18:22:18.777  WARN 16152 --- [HikariPool-1 housekeeper] com.zaxxer.hikari.pool.HikariPool        : HikariPool-1 - Thread starvation or clock leap detected (housekeeper delta=20m13s962ms725µs600ns).
2022-10-13 18:56:55.542  INFO 16152 --- [SpringApplicationShutdownHook] j.LocalContainerEntityManagerFactoryBean : Closing JPA EntityManagerFactory for persistence unit 'default'
2022-10-13 18:56:55.548  INFO 16152 --- [SpringApplicationShutdownHook] com.zaxxer.hikari.HikariDataSource       : HikariPool-1 - Shutdown initiated...
2022-10-13 18:56:55.560  INFO 16152 --- [SpringApplicationShutdownHook] com.zaxxer.hikari.HikariDataSource       : HikariPool-1 - Shutdown completed.
2022-10-13 18:57:02.435  INFO 2180 --- [main] c.ideas2it.employee.EmployeeApplication  : Starting EmployeeApplication using Java 18.0.2 on AKASH with PID 2180 (C:\Users\LENOVO\Desktop\Akash\Spring_Boot_final\employee\target\classes started by LENOVO in C:\Users\LENOVO\Desktop\Akash\Spring_Boot_final\employee)
2022-10-13 18:57:02.440  INFO 2180 --- [main] c.ideas2it.employee.EmployeeApplication  : No active profile set, falling back to 1 default profile: "default"
2022-10-13 18:57:03.647  INFO 2180 --- [main] .s.d.r.c.RepositoryConfigurationDelegate : Bootstrapping Spring Data JPA repositories in DEFAULT mode.
2022-10-13 18:57:03.786  INFO 2180 --- [main] .s.d.r.c.RepositoryConfigurationDelegate : Finished Spring Data repository scanning in 117 ms. Found 4 JPA repository interfaces.
2022-10-13 18:57:04.992  INFO 2180 --- [main] o.s.b.w.embedded.tomcat.TomcatWebServer  : Tomcat initialized with port(s): 8001 (http)
2022-10-13 18:57:05.011  INFO 2180 --- [main] o.apache.catalina.core.StandardService   : Starting service [Tomcat]
2022-10-13 18:57:05.012  INFO 2180 --- [main] org.apache.catalina.core.StandardEngine  : Starting Servlet engine: [Apache Tomcat/9.0.65]
2022-10-13 18:57:05.495  INFO 2180 --- [main] org.apache.jasper.servlet.TldScanner     : At least one JAR was scanned for TLDs yet contained no TLDs. Enable debug logging for this logger for a complete list of JARs that were scanned but no TLDs were found in them. Skipping unneeded JARs during scanning can improve startup time and JSP compilation time.
2022-10-13 18:57:05.510  INFO 2180 --- [main] o.a.c.c.C.[Tomcat].[localhost].[/]       : Initializing Spring embedded WebApplicationContext
2022-10-13 18:57:05.511  INFO 2180 --- [main] w.s.c.ServletWebServerApplicationContext : Root WebApplicationContext: initialization completed in 2938 ms
2022-10-13 18:57:05.859  INFO 2180 --- [main] o.hibernate.jpa.internal.util.LogHelper  : HHH000204: Processing PersistenceUnitInfo [name: default]
2022-10-13 18:57:05.919  INFO 2180 --- [main] org.hibernate.Version                    : HHH000412: Hibernate ORM core version 5.6.11.Final
2022-10-13 18:57:06.171  INFO 2180 --- [main] o.hibernate.annotations.common.Version   : HCANN000001: Hibernate Commons Annotations {5.1.2.Final}
2022-10-13 18:57:06.313  INFO 2180 --- [main] com.zaxxer.hikari.HikariDataSource       : HikariPool-1 - Starting...
2022-10-13 18:57:06.812  INFO 2180 --- [main] com.zaxxer.hikari.HikariDataSource       : HikariPool-1 - Start completed.
2022-10-13 18:57:06.845  INFO 2180 --- [main] org.hibernate.dialect.Dialect            : HHH000400: Using dialect: org.hibernate.dialect.MySQL5Dialect
2022-10-13 18:57:08.363  INFO 2180 --- [main] o.h.e.t.j.p.i.JtaPlatformInitiator       : HHH000490: Using JtaPlatform implementation: [org.hibernate.engine.transaction.jta.platform.internal.NoJtaPlatform]
2022-10-13 18:57:08.380  INFO 2180 --- [main] j.LocalContainerEntityManagerFactoryBean : Initialized JPA EntityManagerFactory for persistence unit 'default'
2022-10-13 18:57:09.213  WARN 2180 --- [main] JpaBaseConfiguration$JpaWebConfiguration : spring.jpa.open-in-view is enabled by default. Therefore, database queries may be performed during view rendering. Explicitly configure spring.jpa.open-in-view to disable this warning
2022-10-13 18:57:09.446  INFO 2180 --- [main] o.s.b.a.w.s.WelcomePageHandlerMapping    : Adding welcome page template: index
2022-10-13 18:57:09.762  INFO 2180 --- [main] o.s.b.w.embedded.tomcat.TomcatWebServer  : Tomcat started on port(s): 8001 (http) with context path ''
2022-10-13 18:57:09.776  INFO 2180 --- [main] c.ideas2it.employee.EmployeeApplication  : Started EmployeeApplication in 8.099 seconds (JVM running for 8.863)
2022-10-13 18:57:21.129  INFO 2180 --- [http-nio-8001-exec-1] o.a.c.c.C.[Tomcat].[localhost].[/]       : Initializing Spring DispatcherServlet 'dispatcherServlet'
2022-10-13 18:57:21.130  INFO 2180 --- [http-nio-8001-exec-1] o.s.web.servlet.DispatcherServlet        : Initializing Servlet 'dispatcherServlet'
2022-10-13 18:57:21.132  INFO 2180 --- [http-nio-8001-exec-1] o.s.web.servlet.DispatcherServlet        : Completed initialization in 2 ms
2022-10-13 18:57:32.219  INFO 2180 --- [http-nio-8001-exec-3] c.i.e.controller.EmployeeController      : 
Details of Trainer

2022-10-13 18:57:32.261  INFO 2180 --- [http-nio-8001-exec-3] c.i.e.controller.EmployeeController      : 
ID of Employee : 1
Name of the Trainer : Akash updated
Age : 22
Gender : male
Qualifications : bca
Address : jsahdfkjsafhs
Mobile Number : 9876543211
Email Id : dsafdsfkj@gmail.com
Date Of Joining : 18/01/2022
Training Experience : 3
No Of Trainees : 0

2022-10-13 18:57:32.261  INFO 2180 --- [http-nio-8001-exec-3] c.i.e.controller.EmployeeController      : 
ID of Employee : 4
Name of the Trainer : Ruban
Age : 22
Gender : male
Qualifications : MCA
Address : porur
Mobile Number : 9876543211
Email Id : ruban@gmail.com
Date Of Joining : 18/09/2022
Training Experience : 4
No Of Trainees : 3

2022-10-13 18:57:32.262  INFO 2180 --- [http-nio-8001-exec-3] c.i.e.controller.EmployeeController      : 
ID of Employee : 6
Name of the Trainer : Karthick
Age : 22
Gender : male
Qualifications : bca
Address : new Washermenpet
Mobile Number : 8978675432
Email Id : karthik@gmail.com
Date Of Joining : 18/09/2022
Training Experience : 3
No Of Trainees : 1

2022-10-13 18:57:32.263  INFO 2180 --- [http-nio-8001-exec-3] c.i.e.controller.EmployeeController      : 
ID of Employee : 7
Name of the Trainer : Ramasamy
Age : 22
Gender : male
Qualifications : bca
Address : Velacherry
Mobile Number : 9876543211
Email Id : safhjdsf@gmail.com
Date Of Joining : 18/09/2020
Training Experience : 3
No Of Trainees : 0

2022-10-13 18:57:52.071  INFO 2180 --- [http-nio-8001-exec-5] c.i.e.controller.EmployeeController      : 
Details of Trainer

2022-10-13 18:57:52.086  INFO 2180 --- [http-nio-8001-exec-5] c.i.e.controller.EmployeeController      : 
ID of Employee : 1
Name of the Trainer : Akash updated
Age : 22
Gender : male
Qualifications : bca
Address : jsahdfkjsafhs
Mobile Number : 9876543211
Email Id : dsafdsfkj@gmail.com
Date Of Joining : 18/01/2022
Training Experience : 3
No Of Trainees : 0

2022-10-13 18:57:52.087  INFO 2180 --- [http-nio-8001-exec-5] c.i.e.controller.EmployeeController      : 
ID of Employee : 4
Name of the Trainer : Ruban
Age : 22
Gender : male
Qualifications : MCA
Address : porur
Mobile Number : 9876543211
Email Id : ruban@gmail.com
Date Of Joining : 18/09/2022
Training Experience : 4
No Of Trainees : 3

2022-10-13 18:57:52.088  INFO 2180 --- [http-nio-8001-exec-5] c.i.e.controller.EmployeeController      : 
ID of Employee : 6
Name of the Trainer : Karthick
Age : 22
Gender : male
Qualifications : bca
Address : new Washermenpet
Mobile Number : 8978675432
Email Id : karthik@gmail.com
Date Of Joining : 18/09/2022
Training Experience : 3
No Of Trainees : 1

2022-10-13 18:57:52.088  INFO 2180 --- [http-nio-8001-exec-5] c.i.e.controller.EmployeeController      : 
ID of Employee : 7
Name of the Trainer : Ramasamy
Age : 22
Gender : male
Qualifications : bca
Address : Velacherry
Mobile Number : 9876543211
Email Id : safhjdsf@gmail.com
Date Of Joining : 18/09/2020
Training Experience : 3
No Of Trainees : 0

2022-10-13 18:58:05.354  INFO 2180 --- [http-nio-8001-exec-7] c.i.e.controller.EmployeeController      : 
Details of Trainer

2022-10-13 18:58:05.369  INFO 2180 --- [http-nio-8001-exec-7] c.i.e.controller.EmployeeController      : 
ID of Employee : 1
Name of the Trainer : Akash updated
Age : 22
Gender : male
Qualifications : bca
Address : jsahdfkjsafhs
Mobile Number : 9876543211
Email Id : dsafdsfkj@gmail.com
Date Of Joining : 18/01/2022
Training Experience : 3
No Of Trainees : 0

2022-10-13 18:58:05.369  INFO 2180 --- [http-nio-8001-exec-7] c.i.e.controller.EmployeeController      : 
ID of Employee : 4
Name of the Trainer : Ruban
Age : 22
Gender : male
Qualifications : MCA
Address : porur
Mobile Number : 9876543211
Email Id : ruban@gmail.com
Date Of Joining : 18/09/2022
Training Experience : 4
No Of Trainees : 3

2022-10-13 18:58:05.370  INFO 2180 --- [http-nio-8001-exec-7] c.i.e.controller.EmployeeController      : 
ID of Employee : 6
Name of the Trainer : Karthick
Age : 22
Gender : male
Qualifications : bca
Address : new Washermenpet
Mobile Number : 8978675432
Email Id : karthik@gmail.com
Date Of Joining : 18/09/2022
Training Experience : 3
No Of Trainees : 1

2022-10-13 18:58:05.370  INFO 2180 --- [http-nio-8001-exec-7] c.i.e.controller.EmployeeController      : 
ID of Employee : 7
Name of the Trainer : Ramasamy
Age : 22
Gender : male
Qualifications : bca
Address : Velacherry
Mobile Number : 9876543211
Email Id : safhjdsf@gmail.com
Date Of Joining : 18/09/2020
Training Experience : 3
No Of Trainees : 0

2022-10-13 19:11:01.108  INFO 2180 --- [SpringApplicationShutdownHook] j.LocalContainerEntityManagerFactoryBean : Closing JPA EntityManagerFactory for persistence unit 'default'
2022-10-13 19:11:01.114  INFO 2180 --- [SpringApplicationShutdownHook] com.zaxxer.hikari.HikariDataSource       : HikariPool-1 - Shutdown initiated...
2022-10-13 19:11:01.128  INFO 2180 --- [SpringApplicationShutdownHook] com.zaxxer.hikari.HikariDataSource       : HikariPool-1 - Shutdown completed.
2022-10-13 19:11:09.128  INFO 12824 --- [main] c.ideas2it.employee.EmployeeApplication  : Starting EmployeeApplication using Java 18.0.2 on AKASH with PID 12824 (C:\Users\LENOVO\Desktop\Akash\Spring_Boot_final\employee\target\classes started by LENOVO in C:\Users\LENOVO\Desktop\Akash\Spring_Boot_final\employee)
2022-10-13 19:11:09.133  INFO 12824 --- [main] c.ideas2it.employee.EmployeeApplication  : No active profile set, falling back to 1 default profile: "default"
2022-10-13 19:11:10.530  INFO 12824 --- [main] .s.d.r.c.RepositoryConfigurationDelegate : Bootstrapping Spring Data JPA repositories in DEFAULT mode.
2022-10-13 19:11:10.663  INFO 12824 --- [main] .s.d.r.c.RepositoryConfigurationDelegate : Finished Spring Data repository scanning in 113 ms. Found 4 JPA repository interfaces.
2022-10-13 19:11:12.037  INFO 12824 --- [main] o.s.b.w.embedded.tomcat.TomcatWebServer  : Tomcat initialized with port(s): 8001 (http)
2022-10-13 19:11:12.057  INFO 12824 --- [main] o.apache.catalina.core.StandardService   : Starting service [Tomcat]
2022-10-13 19:11:12.058  INFO 12824 --- [main] org.apache.catalina.core.StandardEngine  : Starting Servlet engine: [Apache Tomcat/9.0.65]
2022-10-13 19:11:12.655  INFO 12824 --- [main] org.apache.jasper.servlet.TldScanner     : At least one JAR was scanned for TLDs yet contained no TLDs. Enable debug logging for this logger for a complete list of JARs that were scanned but no TLDs were found in them. Skipping unneeded JARs during scanning can improve startup time and JSP compilation time.
2022-10-13 19:11:12.674  INFO 12824 --- [main] o.a.c.c.C.[Tomcat].[localhost].[/]       : Initializing Spring embedded WebApplicationContext
2022-10-13 19:11:12.675  INFO 12824 --- [main] w.s.c.ServletWebServerApplicationContext : Root WebApplicationContext: initialization completed in 3427 ms
2022-10-13 19:11:12.982  INFO 12824 --- [main] o.hibernate.jpa.internal.util.LogHelper  : HHH000204: Processing PersistenceUnitInfo [name: default]
2022-10-13 19:11:13.052  INFO 12824 --- [main] org.hibernate.Version                    : HHH000412: Hibernate ORM core version 5.6.11.Final
2022-10-13 19:11:13.312  INFO 12824 --- [main] o.hibernate.annotations.common.Version   : HCANN000001: Hibernate Commons Annotations {5.1.2.Final}
2022-10-13 19:11:13.444  INFO 12824 --- [main] com.zaxxer.hikari.HikariDataSource       : HikariPool-1 - Starting...
2022-10-13 19:11:13.956  INFO 12824 --- [main] com.zaxxer.hikari.HikariDataSource       : HikariPool-1 - Start completed.
2022-10-13 19:11:13.990  INFO 12824 --- [main] org.hibernate.dialect.Dialect            : HHH000400: Using dialect: org.hibernate.dialect.MySQL5Dialect
2022-10-13 19:11:15.786  INFO 12824 --- [main] o.h.e.t.j.p.i.JtaPlatformInitiator       : HHH000490: Using JtaPlatform implementation: [org.hibernate.engine.transaction.jta.platform.internal.NoJtaPlatform]
2022-10-13 19:11:15.799  INFO 12824 --- [main] j.LocalContainerEntityManagerFactoryBean : Initialized JPA EntityManagerFactory for persistence unit 'default'
2022-10-13 19:11:16.848  WARN 12824 --- [main] JpaBaseConfiguration$JpaWebConfiguration : spring.jpa.open-in-view is enabled by default. Therefore, database queries may be performed during view rendering. Explicitly configure spring.jpa.open-in-view to disable this warning
2022-10-13 19:11:17.971  INFO 12824 --- [main] o.s.b.a.w.s.WelcomePageHandlerMapping    : Adding welcome page template: index
2022-10-13 19:11:19.042  INFO 12824 --- [main] o.s.b.w.embedded.tomcat.TomcatWebServer  : Tomcat started on port(s): 8001 (http) with context path ''
2022-10-13 19:11:19.059  INFO 12824 --- [main] c.ideas2it.employee.EmployeeApplication  : Started EmployeeApplication in 10.667 seconds (JVM running for 11.405)
2022-10-13 19:11:26.968  INFO 12824 --- [http-nio-8001-exec-1] o.a.c.c.C.[Tomcat].[localhost].[/]       : Initializing Spring DispatcherServlet 'dispatcherServlet'
2022-10-13 19:11:26.969  INFO 12824 --- [http-nio-8001-exec-1] o.s.web.servlet.DispatcherServlet        : Initializing Servlet 'dispatcherServlet'
2022-10-13 19:11:26.970  INFO 12824 --- [http-nio-8001-exec-1] o.s.web.servlet.DispatcherServlet        : Completed initialization in 1 ms
2022-10-13 19:11:27.259  INFO 12824 --- [http-nio-8001-exec-1] c.i.e.controller.EmployeeController      : 
Details of Trainer

2022-10-13 19:11:27.304  INFO 12824 --- [http-nio-8001-exec-1] c.i.e.controller.EmployeeController      : 
ID of Employee : 1
Name of the Trainer : Akash updated
Age : 22
Gender : male
Qualifications : bca
Address : jsahdfkjsafhs
Mobile Number : 9876543211
Email Id : dsafdsfkj@gmail.com
Date Of Joining : 18/01/2022
Training Experience : 3
No Of Trainees : 0

2022-10-13 19:11:27.311  INFO 12824 --- [http-nio-8001-exec-1] c.i.e.controller.EmployeeController      : 
ID of Employee : 4
Name of the Trainer : Ruban
Age : 22
Gender : male
Qualifications : MCA
Address : porur
Mobile Number : 9876543211
Email Id : ruban@gmail.com
Date Of Joining : 18/09/2022
Training Experience : 4
No Of Trainees : 3

2022-10-13 19:11:27.317  INFO 12824 --- [http-nio-8001-exec-1] c.i.e.controller.EmployeeController      : 
ID of Employee : 6
Name of the Trainer : Karthick
Age : 22
Gender : male
Qualifications : bca
Address : new Washermenpet
Mobile Number : 8978675432
Email Id : karthik@gmail.com
Date Of Joining : 18/09/2022
Training Experience : 3
No Of Trainees : 1

2022-10-13 19:11:27.320  INFO 12824 --- [http-nio-8001-exec-1] c.i.e.controller.EmployeeController      : 
ID of Employee : 7
Name of the Trainer : Ramasamy
Age : 22
Gender : male
Qualifications : bca
Address : Velacherry
Mobile Number : 9876543211
Email Id : safhjdsf@gmail.com
Date Of Joining : 18/09/2020
Training Experience : 3
No Of Trainees : 0

2022-10-13 19:12:00.926  INFO 12824 --- [SpringApplicationShutdownHook] j.LocalContainerEntityManagerFactoryBean : Closing JPA EntityManagerFactory for persistence unit 'default'
2022-10-13 19:12:00.929  INFO 12824 --- [SpringApplicationShutdownHook] com.zaxxer.hikari.HikariDataSource       : HikariPool-1 - Shutdown initiated...
2022-10-13 19:12:00.940  INFO 12824 --- [SpringApplicationShutdownHook] com.zaxxer.hikari.HikariDataSource       : HikariPool-1 - Shutdown completed.
